<?xml version="1.0" encoding="UTF-8"?>
<!-- Generated by org.testng.reporters.JUnitXMLReporter -->
<testsuite ignored="0" hostname="FFE-Karthick-M" failures="0" tests="3" name="Default test" time="78.415" errors="0" timestamp="2024-10-03T15:18:52 IST">
  <testcase classname="webTestCases.Module1_Registration" name="tc001_VerifyRegistrationWithValidData" time="24.428"/>
  <testcase classname="webTestCases.Module1_Registration" name="tc002_VerifyRegistrationWithInValidEmail" time="23.706"/>
  <testcase classname="webTestCases.Module1_Registration" name="tc003_VerifyRegistrationWithAlreadyRegisteredData" time="24.343"/>
</testsuite> <!-- Default test -->
