<?xml version="1.0" encoding="UTF-8"?>
<!-- Generated by org.testng.reporters.JUnitXMLReporter -->
<testsuite ignored="0" hostname="FFE-Karthick-M" failures="0" tests="3" name="Test" time="79.059" errors="0" timestamp="2024-10-01T23:47:10 IST">
  <testcase classname="webTestCases.Module1_Registration" name="tc001_VerifyRegistrationWithValidData" time="28.582"/>
  <testcase classname="webTestCases.Module1_Registration" name="tc002_VerifyRegistrationWithInValidEmail" time="23.728"/>
  <testcase classname="webTestCases.Module1_Registration" name="tc003_VerifyRegistrationWithAlreadyRegisteredData" time="25.702"/>
</testsuite> <!-- Test -->
