<?xml version="1.0" encoding="UTF-8"?>
<testng-results ignored="0" total="10" passed="10" failed="0" skipped="0">
  <reporter-output>
    <line>
      <![CDATA[Chrome browser launched]]>
    </line>
    <line>
      <![CDATA[Browser maximized]]>
    </line>
    <line>
      <![CDATA[Navigated to https://demowebshop.tricentis.com/]]>
    </line>
    <line>
      <![CDATA[Implicit wait set to 5 seconds]]>
    </line>
    <line>
      <![CDATA[Register Link is displayed]]>
    </line>
    <line>
      <![CDATA[Clicked on Register Link]]>
    </line>
    <line>
      <![CDATA[Register Text is displayed]]>
    </line>
    <line>
      <![CDATA[Clicked on Male Radio button]]>
    </line>
    <line>
      <![CDATA[Entered Karthick into FirstName TextField]]>
    </line>
    <line>
      <![CDATA[Entered TestUser into LastName TextField]]>
    </line>
    <line>
      <![CDATA[Random Number generated : 66257]]>
    </line>
    <line>
      <![CDATA[Entered testUser66257@gmail.com into Email TextField]]>
    </line>
    <line>
      <![CDATA[Entered Ka@12345 into Password TextField]]>
    </line>
    <line>
      <![CDATA[Entered Ka@12345 into Confirm Password TextField]]>
    </line>
    <line>
      <![CDATA[Clicked on Register button]]>
    </line>
    <line>
      <![CDATA[Registration Completed Msg is displayed]]>
    </line>
    <line>
      <![CDATA[Browser closed]]>
    </line>
    <line>
      <![CDATA[Chrome browser launched]]>
    </line>
    <line>
      <![CDATA[Browser maximized]]>
    </line>
    <line>
      <![CDATA[Navigated to https://demowebshop.tricentis.com/]]>
    </line>
    <line>
      <![CDATA[Implicit wait set to 5 seconds]]>
    </line>
    <line>
      <![CDATA[Register Link is displayed]]>
    </line>
    <line>
      <![CDATA[Clicked on Register Link]]>
    </line>
    <line>
      <![CDATA[Register Text is displayed]]>
    </line>
    <line>
      <![CDATA[Clicked on Male Radio button]]>
    </line>
    <line>
      <![CDATA[Entered Karthick into FirstName TextField]]>
    </line>
    <line>
      <![CDATA[Entered TestUser into LastName TextField]]>
    </line>
    <line>
      <![CDATA[Random Number generated : 61453]]>
    </line>
    <line>
      <![CDATA[Entered testUser61453 into Email TextField]]>
    </line>
    <line>
      <![CDATA[Entered Ka@12345 into Password TextField]]>
    </line>
    <line>
      <![CDATA[Entered Ka@12345 into Confirm Password TextField]]>
    </line>
    <line>
      <![CDATA[Clicked on Register button]]>
    </line>
    <line>
      <![CDATA[Wrong Email Text is displayed]]>
    </line>
    <line>
      <![CDATA[Browser closed]]>
    </line>
    <line>
      <![CDATA[Chrome browser launched]]>
    </line>
    <line>
      <![CDATA[Browser maximized]]>
    </line>
    <line>
      <![CDATA[Navigated to https://demowebshop.tricentis.com/]]>
    </line>
    <line>
      <![CDATA[Implicit wait set to 5 seconds]]>
    </line>
    <line>
      <![CDATA[Register Link is displayed]]>
    </line>
    <line>
      <![CDATA[Clicked on Register Link]]>
    </line>
    <line>
      <![CDATA[Register Text is displayed]]>
    </line>
    <line>
      <![CDATA[Clicked on Male Radio button]]>
    </line>
    <line>
      <![CDATA[Entered Karthick into FirstName TextField]]>
    </line>
    <line>
      <![CDATA[Entered TestUser into LastName TextField]]>
    </line>
    <line>
      <![CDATA[Entered mkar@gmail.com into Email TextField]]>
    </line>
    <line>
      <![CDATA[Entered Ka@12345 into Password TextField]]>
    </line>
    <line>
      <![CDATA[Entered Ka@12345 into Confirm Password TextField]]>
    </line>
    <line>
      <![CDATA[Clicked on Register button]]>
    </line>
    <line>
      <![CDATA[Already exists error Msg is displayed]]>
    </line>
    <line>
      <![CDATA[Browser closed]]>
    </line>
    <line>
      <![CDATA[Chrome browser launched]]>
    </line>
    <line>
      <![CDATA[Browser maximized]]>
    </line>
    <line>
      <![CDATA[Navigated to https://demowebshop.tricentis.com/]]>
    </line>
    <line>
      <![CDATA[Implicit wait set to 5 seconds]]>
    </line>
    <line>
      <![CDATA[Register Link is displayed]]>
    </line>
    <line>
      <![CDATA[Clicked on Register Link]]>
    </line>
    <line>
      <![CDATA[Register Text is displayed]]>
    </line>
    <line>
      <![CDATA[Clicked on Male Radio button]]>
    </line>
    <line>
      <![CDATA[Entered Karthick into FirstName TextField]]>
    </line>
    <line>
      <![CDATA[Entered TestUser into LastName TextField]]>
    </line>
    <line>
      <![CDATA[Random Number generated : 77288]]>
    </line>
    <line>
      <![CDATA[Entered testUser77288@gmail.com into Email TextField]]>
    </line>
    <line>
      <![CDATA[Entered Ka@12345 into Password TextField]]>
    </line>
    <line>
      <![CDATA[Entered Ka@12345 into Confirm Password TextField]]>
    </line>
    <line>
      <![CDATA[Clicked on Register button]]>
    </line>
    <line>
      <![CDATA[Registration Completed Msg is displayed]]>
    </line>
    <line>
      <![CDATA[Browser closed]]>
    </line>
    <line>
      <![CDATA[Chrome browser launched]]>
    </line>
    <line>
      <![CDATA[Browser maximized]]>
    </line>
    <line>
      <![CDATA[Navigated to https://demowebshop.tricentis.com/]]>
    </line>
    <line>
      <![CDATA[Implicit wait set to 5 seconds]]>
    </line>
    <line>
      <![CDATA[Register Link is displayed]]>
    </line>
    <line>
      <![CDATA[Clicked on Register Link]]>
    </line>
    <line>
      <![CDATA[Register Text is displayed]]>
    </line>
    <line>
      <![CDATA[Clicked on Male Radio button]]>
    </line>
    <line>
      <![CDATA[Entered Karthick into FirstName TextField]]>
    </line>
    <line>
      <![CDATA[Entered TestUser into LastName TextField]]>
    </line>
    <line>
      <![CDATA[Random Number generated : 84698]]>
    </line>
    <line>
      <![CDATA[Entered testUser84698 into Email TextField]]>
    </line>
    <line>
      <![CDATA[Entered Ka@12345 into Password TextField]]>
    </line>
    <line>
      <![CDATA[Entered Ka@12345 into Confirm Password TextField]]>
    </line>
    <line>
      <![CDATA[Clicked on Register button]]>
    </line>
    <line>
      <![CDATA[Wrong Email Text is displayed]]>
    </line>
    <line>
      <![CDATA[Browser closed]]>
    </line>
    <line>
      <![CDATA[Chrome browser launched]]>
    </line>
    <line>
      <![CDATA[Browser maximized]]>
    </line>
    <line>
      <![CDATA[Navigated to https://demowebshop.tricentis.com/]]>
    </line>
    <line>
      <![CDATA[Implicit wait set to 5 seconds]]>
    </line>
    <line>
      <![CDATA[Register Link is displayed]]>
    </line>
    <line>
      <![CDATA[Clicked on Register Link]]>
    </line>
    <line>
      <![CDATA[Register Text is displayed]]>
    </line>
    <line>
      <![CDATA[Clicked on Male Radio button]]>
    </line>
    <line>
      <![CDATA[Entered Karthick into FirstName TextField]]>
    </line>
    <line>
      <![CDATA[Entered TestUser into LastName TextField]]>
    </line>
    <line>
      <![CDATA[Entered mkar@gmail.com into Email TextField]]>
    </line>
    <line>
      <![CDATA[Entered Ka@12345 into Password TextField]]>
    </line>
    <line>
      <![CDATA[Entered Ka@12345 into Confirm Password TextField]]>
    </line>
    <line>
      <![CDATA[Clicked on Register button]]>
    </line>
    <line>
      <![CDATA[Already exists error Msg is displayed]]>
    </line>
    <line>
      <![CDATA[Browser closed]]>
    </line>
    <line>
      <![CDATA[Chrome browser launched]]>
    </line>
    <line>
      <![CDATA[Browser maximized]]>
    </line>
    <line>
      <![CDATA[Navigated to https://demowebshop.tricentis.com/]]>
    </line>
    <line>
      <![CDATA[Implicit wait set to 5 seconds]]>
    </line>
    <line>
      <![CDATA[Register Link is displayed]]>
    </line>
    <line>
      <![CDATA[Clicked on LogIn Link]]>
    </line>
    <line>
      <![CDATA[Welcome Text is displayed]]>
    </line>
    <line>
      <![CDATA[Entered mkar@gmail.com into Email TextField]]>
    </line>
    <line>
      <![CDATA[Entered Ka@12345 into Password TextField]]>
    </line>
    <line>
      <![CDATA[Clicked on Login button]]>
    </line>
    <line>
      <![CDATA[Logout Link is displayed]]>
    </line>
    <line>
      <![CDATA[Browser closed]]>
    </line>
    <line>
      <![CDATA[Firefox browser launched]]>
    </line>
    <line>
      <![CDATA[Browser maximized]]>
    </line>
    <line>
      <![CDATA[Navigated to https://demowebshop.tricentis.com/]]>
    </line>
    <line>
      <![CDATA[Implicit wait set to 5 seconds]]>
    </line>
    <line>
      <![CDATA[Register Link is displayed]]>
    </line>
    <line>
      <![CDATA[Clicked on LogIn Link]]>
    </line>
    <line>
      <![CDATA[Welcome Text is displayed]]>
    </line>
    <line>
      <![CDATA[Entered mkar@gmail.com into Email TextField]]>
    </line>
    <line>
      <![CDATA[Entered Ka@123456 into Password TextField]]>
    </line>
    <line>
      <![CDATA[Clicked on Login button]]>
    </line>
    <line>
      <![CDATA[Incorrect credentials Msg is displayed]]>
    </line>
    <line>
      <![CDATA[Browser closed]]>
    </line>
    <line>
      <![CDATA[Edge browser launched]]>
    </line>
    <line>
      <![CDATA[Browser maximized]]>
    </line>
    <line>
      <![CDATA[Navigated to https://demowebshop.tricentis.com/]]>
    </line>
    <line>
      <![CDATA[Implicit wait set to 5 seconds]]>
    </line>
    <line>
      <![CDATA[Register Link is displayed]]>
    </line>
    <line>
      <![CDATA[Clicked on LogIn Link]]>
    </line>
    <line>
      <![CDATA[Welcome Text is displayed]]>
    </line>
    <line>
      <![CDATA[Clicked on Login button]]>
    </line>
    <line>
      <![CDATA[No account found Msg is displayed]]>
    </line>
    <line>
      <![CDATA[Browser closed]]>
    </line>
    <line>
      <![CDATA[Chrome browser launched]]>
    </line>
    <line>
      <![CDATA[Browser maximized]]>
    </line>
    <line>
      <![CDATA[Navigated to https://demowebshop.tricentis.com/]]>
    </line>
    <line>
      <![CDATA[Implicit wait set to 5 seconds]]>
    </line>
    <line>
      <![CDATA[Register Link is displayed]]>
    </line>
    <line>
      <![CDATA[Clicked on LogIn Link]]>
    </line>
    <line>
      <![CDATA[Welcome Text is displayed]]>
    </line>
    <line>
      <![CDATA[Entered mkar@gmail.com into Email TextField]]>
    </line>
    <line>
      <![CDATA[Entered Ka@12345 into Password TextField]]>
    </line>
    <line>
      <![CDATA[Clicked on Login button]]>
    </line>
    <line>
      <![CDATA[Logout Link is displayed]]>
    </line>
    <line>
      <![CDATA[Entered Computer into Search TF]]>
    </line>
    <line>
      <![CDATA[List of text fetched from Search Suggestions are [Build your own cheap computer, Build your own computer, Build your own expensive computer, Simple Computer]]]>
    </line>
    <line>
      <![CDATA[Clicked on Search Button]]>
    </line>
    <line>
      <![CDATA[Entered Computer into Search TF]]>
    </line>
    <line>
      <![CDATA[Clicked on Build your own cheap computer]]>
    </line>
    <line>
      <![CDATA[Entered Computer into Search TF]]>
    </line>
    <line>
      <![CDATA[Clicked on Build your own computer]]>
    </line>
    <line>
      <![CDATA[Entered Computer into Search TF]]>
    </line>
    <line>
      <![CDATA[Clicked on Build your own expensive computer]]>
    </line>
    <line>
      <![CDATA[Entered Computer into Search TF]]>
    </line>
    <line>
      <![CDATA[Clicked on Simple Computer]]>
    </line>
    <line>
      <![CDATA[Browser closed]]>
    </line>
  </reporter-output>
  <suite started-at="2024-10-01T23:45:51 IST" name="Suite" finished-at="2024-10-01T23:47:10 IST" duration-ms="79059">
    <groups>
    </groups>
    <test started-at="2024-10-01T23:45:51 IST" name="Test" finished-at="2024-10-01T23:47:10 IST" duration-ms="79059">
      <class name="webTestCases.Module1_Registration">
        <test-method is-config="true" signature="setUp()[pri:0, instance:webTestCases.Module1_Registration@36bc55de]" started-at="2024-10-01T23:45:51 IST" name="setUp" finished-at="2024-10-01T23:45:51 IST" duration-ms="237" status="PASS">
          <reporter-output>
          </reporter-output>
        </test-method> <!-- setUp -->
        <test-method signature="tc001_VerifyRegistrationWithValidData()[pri:0, instance:webTestCases.Module1_Registration@36bc55de]" started-at="2024-10-01T23:45:51 IST" name="tc001_VerifyRegistrationWithValidData" finished-at="2024-10-01T23:46:20 IST" duration-ms="28582" status="PASS">
          <reporter-output>
            <line>
              <![CDATA[Chrome browser launched]]>
            </line>
            <line>
              <![CDATA[Browser maximized]]>
            </line>
            <line>
              <![CDATA[Navigated to https://demowebshop.tricentis.com/]]>
            </line>
            <line>
              <![CDATA[Implicit wait set to 5 seconds]]>
            </line>
            <line>
              <![CDATA[Register Link is displayed]]>
            </line>
            <line>
              <![CDATA[Clicked on Register Link]]>
            </line>
            <line>
              <![CDATA[Register Text is displayed]]>
            </line>
            <line>
              <![CDATA[Clicked on Male Radio button]]>
            </line>
            <line>
              <![CDATA[Entered Karthick into FirstName TextField]]>
            </line>
            <line>
              <![CDATA[Entered TestUser into LastName TextField]]>
            </line>
            <line>
              <![CDATA[Random Number generated : 66257]]>
            </line>
            <line>
              <![CDATA[Entered testUser66257@gmail.com into Email TextField]]>
            </line>
            <line>
              <![CDATA[Entered Ka@12345 into Password TextField]]>
            </line>
            <line>
              <![CDATA[Entered Ka@12345 into Confirm Password TextField]]>
            </line>
            <line>
              <![CDATA[Clicked on Register button]]>
            </line>
            <line>
              <![CDATA[Registration Completed Msg is displayed]]>
            </line>
          </reporter-output>
        </test-method> <!-- tc001_VerifyRegistrationWithValidData -->
        <test-method is-config="true" signature="testOver(org.testng.ITestResult)[pri:0, instance:webTestCases.Module1_Registration@36bc55de]" started-at="2024-10-01T23:46:20 IST" name="testOver" finished-at="2024-10-01T23:46:20 IST" duration-ms="355" status="PASS">
          <params>
            <param index="0">
              <value>
                <![CDATA[[TestResult name=tc001_VerifyRegistrationWithValidData status=SUCCESS method=Module1_Registration.tc001_VerifyRegistrationWithValidData()[pri:0, instance:webTestCases.Module1_Registration@36bc55de] output=Chrome browser launched]]]>
              </value>
            </param>
          </params>
          <reporter-output>
            <line>
              <![CDATA[Browser closed]]>
            </line>
          </reporter-output>
        </test-method> <!-- testOver -->
        <test-method signature="tc002_VerifyRegistrationWithInValidEmail()[pri:0, instance:webTestCases.Module1_Registration@36bc55de]" started-at="2024-10-01T23:46:20 IST" name="tc002_VerifyRegistrationWithInValidEmail" finished-at="2024-10-01T23:46:44 IST" duration-ms="23728" status="PASS">
          <reporter-output>
            <line>
              <![CDATA[Chrome browser launched]]>
            </line>
            <line>
              <![CDATA[Browser maximized]]>
            </line>
            <line>
              <![CDATA[Navigated to https://demowebshop.tricentis.com/]]>
            </line>
            <line>
              <![CDATA[Implicit wait set to 5 seconds]]>
            </line>
            <line>
              <![CDATA[Register Link is displayed]]>
            </line>
            <line>
              <![CDATA[Clicked on Register Link]]>
            </line>
            <line>
              <![CDATA[Register Text is displayed]]>
            </line>
            <line>
              <![CDATA[Clicked on Male Radio button]]>
            </line>
            <line>
              <![CDATA[Entered Karthick into FirstName TextField]]>
            </line>
            <line>
              <![CDATA[Entered TestUser into LastName TextField]]>
            </line>
            <line>
              <![CDATA[Random Number generated : 61453]]>
            </line>
            <line>
              <![CDATA[Entered testUser61453 into Email TextField]]>
            </line>
            <line>
              <![CDATA[Entered Ka@12345 into Password TextField]]>
            </line>
            <line>
              <![CDATA[Entered Ka@12345 into Confirm Password TextField]]>
            </line>
            <line>
              <![CDATA[Clicked on Register button]]>
            </line>
            <line>
              <![CDATA[Wrong Email Text is displayed]]>
            </line>
          </reporter-output>
        </test-method> <!-- tc002_VerifyRegistrationWithInValidEmail -->
        <test-method is-config="true" signature="testOver(org.testng.ITestResult)[pri:0, instance:webTestCases.Module1_Registration@36bc55de]" started-at="2024-10-01T23:46:44 IST" name="testOver" finished-at="2024-10-01T23:46:44 IST" duration-ms="315" status="PASS">
          <params>
            <param index="0">
              <value>
                <![CDATA[[TestResult name=tc002_VerifyRegistrationWithInValidEmail status=SUCCESS method=Module1_Registration.tc002_VerifyRegistrationWithInValidEmail()[pri:0, instance:webTestCases.Module1_Registration@36bc55de] output=Chrome browser launched]]]>
              </value>
            </param>
          </params>
          <reporter-output>
            <line>
              <![CDATA[Browser closed]]>
            </line>
          </reporter-output>
        </test-method> <!-- testOver -->
        <test-method signature="tc003_VerifyRegistrationWithAlreadyRegisteredData()[pri:0, instance:webTestCases.Module1_Registration@36bc55de]" started-at="2024-10-01T23:46:44 IST" name="tc003_VerifyRegistrationWithAlreadyRegisteredData" finished-at="2024-10-01T23:47:10 IST" duration-ms="25702" status="PASS">
          <reporter-output>
            <line>
              <![CDATA[Chrome browser launched]]>
            </line>
            <line>
              <![CDATA[Browser maximized]]>
            </line>
            <line>
              <![CDATA[Navigated to https://demowebshop.tricentis.com/]]>
            </line>
            <line>
              <![CDATA[Implicit wait set to 5 seconds]]>
            </line>
            <line>
              <![CDATA[Register Link is displayed]]>
            </line>
            <line>
              <![CDATA[Clicked on Register Link]]>
            </line>
            <line>
              <![CDATA[Register Text is displayed]]>
            </line>
            <line>
              <![CDATA[Clicked on Male Radio button]]>
            </line>
            <line>
              <![CDATA[Entered Karthick into FirstName TextField]]>
            </line>
            <line>
              <![CDATA[Entered TestUser into LastName TextField]]>
            </line>
            <line>
              <![CDATA[Entered mkar@gmail.com into Email TextField]]>
            </line>
            <line>
              <![CDATA[Entered Ka@12345 into Password TextField]]>
            </line>
            <line>
              <![CDATA[Entered Ka@12345 into Confirm Password TextField]]>
            </line>
            <line>
              <![CDATA[Clicked on Register button]]>
            </line>
            <line>
              <![CDATA[Already exists error Msg is displayed]]>
            </line>
          </reporter-output>
        </test-method> <!-- tc003_VerifyRegistrationWithAlreadyRegisteredData -->
        <test-method is-config="true" signature="testOver(org.testng.ITestResult)[pri:0, instance:webTestCases.Module1_Registration@36bc55de]" started-at="2024-10-01T23:47:10 IST" name="testOver" finished-at="2024-10-01T23:47:10 IST" duration-ms="311" status="PASS">
          <params>
            <param index="0">
              <value>
                <![CDATA[[TestResult name=tc003_VerifyRegistrationWithAlreadyRegisteredData status=SUCCESS method=Module1_Registration.tc003_VerifyRegistrationWithAlreadyRegisteredData()[pri:0, instance:webTestCases.Module1_Registration@36bc55de] output=Chrome browser launched]]]>
              </value>
            </param>
          </params>
          <reporter-output>
            <line>
              <![CDATA[Browser closed]]>
            </line>
          </reporter-output>
        </test-method> <!-- testOver -->
        <test-method is-config="true" signature="upDateReport()[pri:0, instance:webTestCases.Module1_Registration@36bc55de]" started-at="2024-10-01T23:47:10 IST" name="upDateReport" finished-at="2024-10-01T23:47:11 IST" duration-ms="653" status="PASS">
          <reporter-output>
          </reporter-output>
        </test-method> <!-- upDateReport -->
      </class> <!-- webTestCases.Module1_Registration -->
    </test> <!-- Test -->
  </suite> <!-- Suite -->
  <suite started-at="2024-10-01T23:47:11 IST" name="Suite (0)" finished-at="2024-10-01T23:50:20 IST" duration-ms="189737">
    <groups>
    </groups>
    <test started-at="2024-10-01T23:47:11 IST" name="Test" finished-at="2024-10-01T23:50:20 IST" duration-ms="189737">
      <class name="webTestCases.Module3_Search">
        <test-method signature="tc007_VerifySearchWithValidData()[pri:0, instance:webTestCases.Module3_Search@235834f2]" started-at="2024-10-01T23:49:24 IST" name="tc007_VerifySearchWithValidData" finished-at="2024-10-01T23:50:20 IST" duration-ms="56391" status="PASS">
          <reporter-output>
            <line>
              <![CDATA[Chrome browser launched]]>
            </line>
            <line>
              <![CDATA[Browser maximized]]>
            </line>
            <line>
              <![CDATA[Navigated to https://demowebshop.tricentis.com/]]>
            </line>
            <line>
              <![CDATA[Implicit wait set to 5 seconds]]>
            </line>
            <line>
              <![CDATA[Register Link is displayed]]>
            </line>
            <line>
              <![CDATA[Clicked on LogIn Link]]>
            </line>
            <line>
              <![CDATA[Welcome Text is displayed]]>
            </line>
            <line>
              <![CDATA[Entered mkar@gmail.com into Email TextField]]>
            </line>
            <line>
              <![CDATA[Entered Ka@12345 into Password TextField]]>
            </line>
            <line>
              <![CDATA[Clicked on Login button]]>
            </line>
            <line>
              <![CDATA[Logout Link is displayed]]>
            </line>
            <line>
              <![CDATA[Entered Computer into Search TF]]>
            </line>
            <line>
              <![CDATA[List of text fetched from Search Suggestions are [Build your own cheap computer, Build your own computer, Build your own expensive computer, Simple Computer]]]>
            </line>
            <line>
              <![CDATA[Clicked on Search Button]]>
            </line>
            <line>
              <![CDATA[Entered Computer into Search TF]]>
            </line>
            <line>
              <![CDATA[Clicked on Build your own cheap computer]]>
            </line>
            <line>
              <![CDATA[Entered Computer into Search TF]]>
            </line>
            <line>
              <![CDATA[Clicked on Build your own computer]]>
            </line>
            <line>
              <![CDATA[Entered Computer into Search TF]]>
            </line>
            <line>
              <![CDATA[Clicked on Build your own expensive computer]]>
            </line>
            <line>
              <![CDATA[Entered Computer into Search TF]]>
            </line>
            <line>
              <![CDATA[Clicked on Simple Computer]]>
            </line>
          </reporter-output>
        </test-method> <!-- tc007_VerifySearchWithValidData -->
        <test-method is-config="true" signature="testOver(org.testng.ITestResult)[pri:0, instance:webTestCases.Module3_Search@235834f2]" started-at="2024-10-01T23:50:20 IST" name="testOver" finished-at="2024-10-01T23:50:20 IST" duration-ms="360" status="PASS">
          <params>
            <param index="0">
              <value>
                <![CDATA[[TestResult name=tc007_VerifySearchWithValidData status=SUCCESS method=Module3_Search.tc007_VerifySearchWithValidData()[pri:0, instance:webTestCases.Module3_Search@235834f2] output=Chrome browser launched]]]>
              </value>
            </param>
          </params>
          <reporter-output>
            <line>
              <![CDATA[Browser closed]]>
            </line>
          </reporter-output>
        </test-method> <!-- testOver -->
      </class> <!-- webTestCases.Module3_Search -->
      <class name="webTestCases.Module2_Login">
        <test-method signature="tc004_VerifyLoginWithValidCredentials()[pri:0, instance:webTestCases.Module2_Login@3270d194]" started-at="2024-10-01T23:48:27 IST" name="tc004_VerifyLoginWithValidCredentials" finished-at="2024-10-01T23:48:43 IST" duration-ms="16737" status="PASS">
          <reporter-output>
            <line>
              <![CDATA[Chrome browser launched]]>
            </line>
            <line>
              <![CDATA[Browser maximized]]>
            </line>
            <line>
              <![CDATA[Navigated to https://demowebshop.tricentis.com/]]>
            </line>
            <line>
              <![CDATA[Implicit wait set to 5 seconds]]>
            </line>
            <line>
              <![CDATA[Register Link is displayed]]>
            </line>
            <line>
              <![CDATA[Clicked on LogIn Link]]>
            </line>
            <line>
              <![CDATA[Welcome Text is displayed]]>
            </line>
            <line>
              <![CDATA[Entered mkar@gmail.com into Email TextField]]>
            </line>
            <line>
              <![CDATA[Entered Ka@12345 into Password TextField]]>
            </line>
            <line>
              <![CDATA[Clicked on Login button]]>
            </line>
            <line>
              <![CDATA[Logout Link is displayed]]>
            </line>
          </reporter-output>
        </test-method> <!-- tc004_VerifyLoginWithValidCredentials -->
        <test-method is-config="true" signature="testOver(org.testng.ITestResult)[pri:0, instance:webTestCases.Module2_Login@3270d194]" started-at="2024-10-01T23:48:43 IST" name="testOver" finished-at="2024-10-01T23:48:44 IST" duration-ms="325" status="PASS">
          <params>
            <param index="0">
              <value>
                <![CDATA[[TestResult name=tc004_VerifyLoginWithValidCredentials status=SUCCESS method=Module2_Login.tc004_VerifyLoginWithValidCredentials()[pri:0, instance:webTestCases.Module2_Login@3270d194] output=Chrome browser launched]]]>
              </value>
            </param>
          </params>
          <reporter-output>
            <line>
              <![CDATA[Browser closed]]>
            </line>
          </reporter-output>
        </test-method> <!-- testOver -->
        <test-method signature="tc005_VerifyLoginWithInValidCredentials()[pri:0, instance:webTestCases.Module2_Login@3270d194]" started-at="2024-10-01T23:48:44 IST" name="tc005_VerifyLoginWithInValidCredentials" finished-at="2024-10-01T23:49:04 IST" duration-ms="20746" status="PASS">
          <reporter-output>
            <line>
              <![CDATA[Firefox browser launched]]>
            </line>
            <line>
              <![CDATA[Browser maximized]]>
            </line>
            <line>
              <![CDATA[Navigated to https://demowebshop.tricentis.com/]]>
            </line>
            <line>
              <![CDATA[Implicit wait set to 5 seconds]]>
            </line>
            <line>
              <![CDATA[Register Link is displayed]]>
            </line>
            <line>
              <![CDATA[Clicked on LogIn Link]]>
            </line>
            <line>
              <![CDATA[Welcome Text is displayed]]>
            </line>
            <line>
              <![CDATA[Entered mkar@gmail.com into Email TextField]]>
            </line>
            <line>
              <![CDATA[Entered Ka@123456 into Password TextField]]>
            </line>
            <line>
              <![CDATA[Clicked on Login button]]>
            </line>
            <line>
              <![CDATA[Incorrect credentials Msg is displayed]]>
            </line>
          </reporter-output>
        </test-method> <!-- tc005_VerifyLoginWithInValidCredentials -->
        <test-method is-config="true" signature="testOver(org.testng.ITestResult)[pri:0, instance:webTestCases.Module2_Login@3270d194]" started-at="2024-10-01T23:49:04 IST" name="testOver" finished-at="2024-10-01T23:49:06 IST" duration-ms="1575" status="PASS">
          <params>
            <param index="0">
              <value>
                <![CDATA[[TestResult name=tc005_VerifyLoginWithInValidCredentials status=SUCCESS method=Module2_Login.tc005_VerifyLoginWithInValidCredentials()[pri:0, instance:webTestCases.Module2_Login@3270d194] output=Firefox browser launched]]]>
              </value>
            </param>
          </params>
          <reporter-output>
            <line>
              <![CDATA[Browser closed]]>
            </line>
          </reporter-output>
        </test-method> <!-- testOver -->
        <test-method signature="tc006_VerifyLoginWithNoCredentials()[pri:0, instance:webTestCases.Module2_Login@3270d194]" started-at="2024-10-01T23:49:06 IST" name="tc006_VerifyLoginWithNoCredentials" finished-at="2024-10-01T23:49:22 IST" duration-ms="16362" status="PASS">
          <reporter-output>
            <line>
              <![CDATA[Edge browser launched]]>
            </line>
            <line>
              <![CDATA[Browser maximized]]>
            </line>
            <line>
              <![CDATA[Navigated to https://demowebshop.tricentis.com/]]>
            </line>
            <line>
              <![CDATA[Implicit wait set to 5 seconds]]>
            </line>
            <line>
              <![CDATA[Register Link is displayed]]>
            </line>
            <line>
              <![CDATA[Clicked on LogIn Link]]>
            </line>
            <line>
              <![CDATA[Welcome Text is displayed]]>
            </line>
            <line>
              <![CDATA[Clicked on Login button]]>
            </line>
            <line>
              <![CDATA[No account found Msg is displayed]]>
            </line>
          </reporter-output>
        </test-method> <!-- tc006_VerifyLoginWithNoCredentials -->
        <test-method is-config="true" signature="testOver(org.testng.ITestResult)[pri:0, instance:webTestCases.Module2_Login@3270d194]" started-at="2024-10-01T23:49:22 IST" name="testOver" finished-at="2024-10-01T23:49:24 IST" duration-ms="1431" status="PASS">
          <params>
            <param index="0">
              <value>
                <![CDATA[[TestResult name=tc006_VerifyLoginWithNoCredentials status=SUCCESS method=Module2_Login.tc006_VerifyLoginWithNoCredentials()[pri:0, instance:webTestCases.Module2_Login@3270d194] output=Edge browser launched]]]>
              </value>
            </param>
          </params>
          <reporter-output>
            <line>
              <![CDATA[Browser closed]]>
            </line>
          </reporter-output>
        </test-method> <!-- testOver -->
      </class> <!-- webTestCases.Module2_Login -->
      <class name="webTestCases.Module1_Registration">
        <test-method is-config="true" signature="setUp()[pri:0, instance:webTestCases.Module1_Registration@55182842]" started-at="2024-10-01T23:47:11 IST" name="setUp" finished-at="2024-10-01T23:47:11 IST" duration-ms="1" status="PASS">
          <reporter-output>
          </reporter-output>
        </test-method> <!-- setUp -->
        <test-method signature="tc001_VerifyRegistrationWithValidData()[pri:0, instance:webTestCases.Module1_Registration@55182842]" started-at="2024-10-01T23:47:11 IST" name="tc001_VerifyRegistrationWithValidData" finished-at="2024-10-01T23:47:38 IST" duration-ms="26840" status="PASS">
          <reporter-output>
            <line>
              <![CDATA[Chrome browser launched]]>
            </line>
            <line>
              <![CDATA[Browser maximized]]>
            </line>
            <line>
              <![CDATA[Navigated to https://demowebshop.tricentis.com/]]>
            </line>
            <line>
              <![CDATA[Implicit wait set to 5 seconds]]>
            </line>
            <line>
              <![CDATA[Register Link is displayed]]>
            </line>
            <line>
              <![CDATA[Clicked on Register Link]]>
            </line>
            <line>
              <![CDATA[Register Text is displayed]]>
            </line>
            <line>
              <![CDATA[Clicked on Male Radio button]]>
            </line>
            <line>
              <![CDATA[Entered Karthick into FirstName TextField]]>
            </line>
            <line>
              <![CDATA[Entered TestUser into LastName TextField]]>
            </line>
            <line>
              <![CDATA[Random Number generated : 77288]]>
            </line>
            <line>
              <![CDATA[Entered testUser77288@gmail.com into Email TextField]]>
            </line>
            <line>
              <![CDATA[Entered Ka@12345 into Password TextField]]>
            </line>
            <line>
              <![CDATA[Entered Ka@12345 into Confirm Password TextField]]>
            </line>
            <line>
              <![CDATA[Clicked on Register button]]>
            </line>
            <line>
              <![CDATA[Registration Completed Msg is displayed]]>
            </line>
          </reporter-output>
        </test-method> <!-- tc001_VerifyRegistrationWithValidData -->
        <test-method is-config="true" signature="testOver(org.testng.ITestResult)[pri:0, instance:webTestCases.Module1_Registration@55182842]" started-at="2024-10-01T23:47:38 IST" name="testOver" finished-at="2024-10-01T23:47:38 IST" duration-ms="312" status="PASS">
          <params>
            <param index="0">
              <value>
                <![CDATA[[TestResult name=tc001_VerifyRegistrationWithValidData status=SUCCESS method=Module1_Registration.tc001_VerifyRegistrationWithValidData()[pri:0, instance:webTestCases.Module1_Registration@55182842] output=Chrome browser launched]]]>
              </value>
            </param>
          </params>
          <reporter-output>
            <line>
              <![CDATA[Browser closed]]>
            </line>
          </reporter-output>
        </test-method> <!-- testOver -->
        <test-method signature="tc002_VerifyRegistrationWithInValidEmail()[pri:0, instance:webTestCases.Module1_Registration@55182842]" started-at="2024-10-01T23:47:38 IST" name="tc002_VerifyRegistrationWithInValidEmail" finished-at="2024-10-01T23:48:01 IST" duration-ms="22872" status="PASS">
          <reporter-output>
            <line>
              <![CDATA[Chrome browser launched]]>
            </line>
            <line>
              <![CDATA[Browser maximized]]>
            </line>
            <line>
              <![CDATA[Navigated to https://demowebshop.tricentis.com/]]>
            </line>
            <line>
              <![CDATA[Implicit wait set to 5 seconds]]>
            </line>
            <line>
              <![CDATA[Register Link is displayed]]>
            </line>
            <line>
              <![CDATA[Clicked on Register Link]]>
            </line>
            <line>
              <![CDATA[Register Text is displayed]]>
            </line>
            <line>
              <![CDATA[Clicked on Male Radio button]]>
            </line>
            <line>
              <![CDATA[Entered Karthick into FirstName TextField]]>
            </line>
            <line>
              <![CDATA[Entered TestUser into LastName TextField]]>
            </line>
            <line>
              <![CDATA[Random Number generated : 84698]]>
            </line>
            <line>
              <![CDATA[Entered testUser84698 into Email TextField]]>
            </line>
            <line>
              <![CDATA[Entered Ka@12345 into Password TextField]]>
            </line>
            <line>
              <![CDATA[Entered Ka@12345 into Confirm Password TextField]]>
            </line>
            <line>
              <![CDATA[Clicked on Register button]]>
            </line>
            <line>
              <![CDATA[Wrong Email Text is displayed]]>
            </line>
          </reporter-output>
        </test-method> <!-- tc002_VerifyRegistrationWithInValidEmail -->
        <test-method is-config="true" signature="testOver(org.testng.ITestResult)[pri:0, instance:webTestCases.Module1_Registration@55182842]" started-at="2024-10-01T23:48:01 IST" name="testOver" finished-at="2024-10-01T23:48:01 IST" duration-ms="308" status="PASS">
          <params>
            <param index="0">
              <value>
                <![CDATA[[TestResult name=tc002_VerifyRegistrationWithInValidEmail status=SUCCESS method=Module1_Registration.tc002_VerifyRegistrationWithInValidEmail()[pri:0, instance:webTestCases.Module1_Registration@55182842] output=Chrome browser launched]]]>
              </value>
            </param>
          </params>
          <reporter-output>
            <line>
              <![CDATA[Browser closed]]>
            </line>
          </reporter-output>
        </test-method> <!-- testOver -->
        <test-method signature="tc003_VerifyRegistrationWithAlreadyRegisteredData()[pri:0, instance:webTestCases.Module1_Registration@55182842]" started-at="2024-10-01T23:48:01 IST" name="tc003_VerifyRegistrationWithAlreadyRegisteredData" finished-at="2024-10-01T23:48:26 IST" duration-ms="25135" status="PASS">
          <reporter-output>
            <line>
              <![CDATA[Chrome browser launched]]>
            </line>
            <line>
              <![CDATA[Browser maximized]]>
            </line>
            <line>
              <![CDATA[Navigated to https://demowebshop.tricentis.com/]]>
            </line>
            <line>
              <![CDATA[Implicit wait set to 5 seconds]]>
            </line>
            <line>
              <![CDATA[Register Link is displayed]]>
            </line>
            <line>
              <![CDATA[Clicked on Register Link]]>
            </line>
            <line>
              <![CDATA[Register Text is displayed]]>
            </line>
            <line>
              <![CDATA[Clicked on Male Radio button]]>
            </line>
            <line>
              <![CDATA[Entered Karthick into FirstName TextField]]>
            </line>
            <line>
              <![CDATA[Entered TestUser into LastName TextField]]>
            </line>
            <line>
              <![CDATA[Entered mkar@gmail.com into Email TextField]]>
            </line>
            <line>
              <![CDATA[Entered Ka@12345 into Password TextField]]>
            </line>
            <line>
              <![CDATA[Entered Ka@12345 into Confirm Password TextField]]>
            </line>
            <line>
              <![CDATA[Clicked on Register button]]>
            </line>
            <line>
              <![CDATA[Already exists error Msg is displayed]]>
            </line>
          </reporter-output>
        </test-method> <!-- tc003_VerifyRegistrationWithAlreadyRegisteredData -->
        <test-method is-config="true" signature="testOver(org.testng.ITestResult)[pri:0, instance:webTestCases.Module1_Registration@55182842]" started-at="2024-10-01T23:48:26 IST" name="testOver" finished-at="2024-10-01T23:48:27 IST" duration-ms="312" status="PASS">
          <params>
            <param index="0">
              <value>
                <![CDATA[[TestResult name=tc003_VerifyRegistrationWithAlreadyRegisteredData status=SUCCESS method=Module1_Registration.tc003_VerifyRegistrationWithAlreadyRegisteredData()[pri:0, instance:webTestCases.Module1_Registration@55182842] output=Chrome browser launched]]]>
              </value>
            </param>
          </params>
          <reporter-output>
            <line>
              <![CDATA[Browser closed]]>
            </line>
          </reporter-output>
        </test-method> <!-- testOver -->
        <test-method is-config="true" signature="upDateReport()[pri:0, instance:webTestCases.Module1_Registration@55182842]" started-at="2024-10-01T23:50:20 IST" name="upDateReport" finished-at="2024-10-01T23:50:21 IST" duration-ms="135" status="PASS">
          <reporter-output>
          </reporter-output>
        </test-method> <!-- upDateReport -->
      </class> <!-- webTestCases.Module1_Registration -->
    </test> <!-- Test -->
  </suite> <!-- Suite (0) -->
</testng-results>
