<?xml version="1.0" encoding="UTF-8"?>
<testsuite xmlns:xsi="http://www.w3.org/2001/XMLSchema-instance" xsi:noNamespaceSchemaLocation="https://maven.apache.org/surefire/maven-surefire-plugin/xsd/surefire-test-report.xsd" version="3.0.2" name="TestSuite" time="270.981" tests="10" errors="0" skipped="0" failures="0">
  <properties>
[...]
</properties>
  <testcase name="tc001_VerifyRegistrationWithValidData" classname="webTestCases.Module1_Registration" time="28.582">
    <system-out><![CDATA[Chrome browser launched
Browser maximized
Navigated to https://demowebshop.tricentis.com/
Implicit wait set to 5 seconds
Register Link is displayed
Clicked on Register Link
Register Text is displayed
Clicked on Male Radio button
Entered Karthick into FirstName TextField
Entered TestUser into LastName TextField
Random Number generated : 66257
Entered testUser66257@gmail.com into Email TextField
Entered Ka@12345 into Password TextField
Entered Ka@12345 into Confirm Password TextField
Clicked on Register button
Registration Completed Msg is displayed
]]></system-out>
    <system-err><![CDATA[SLF4J: Failed to load class "org.slf4j.impl.StaticLoggerBinder".
SLF4J: Defaulting to no-operation (NOP) logger implementation
SLF4J: See http://www.slf4j.org/codes.html#StaticLoggerBinder for further details.
Oct 01, 2024 11:45:53 PM org.openqa.selenium.devtools.CdpVersionFinder findNearestMatch
WARNING: Unable to find CDP implementation matching 129
Oct 01, 2024 11:45:53 PM org.openqa.selenium.chromium.ChromiumDriver lambda$new$5
WARNING: Unable to find version of CDP to use for 129.0.6668.70. You may need to include a dependency on a specific version of the CDP using something similar to `org.seleniumhq.selenium:selenium-devtools-v86:4.19.1` where the version ("v86") matches the version of the chromium-based browser you're using and the version number of the artifact is the same as Selenium's.
]]></system-err>
  </testcase>
  <testcase name="tc001_VerifyRegistrationWithValidData" classname="webTestCases.Module1_Registration" time="26.843">
    <system-out><![CDATA[Browser closed
Chrome browser launched
Browser maximized
Navigated to https://demowebshop.tricentis.com/
Implicit wait set to 5 seconds
Register Link is displayed
Clicked on Register Link
Register Text is displayed
Clicked on Male Radio button
Entered Karthick into FirstName TextField
Entered TestUser into LastName TextField
Random Number generated : 77288
Entered testUser77288@gmail.com into Email TextField
Entered Ka@12345 into Password TextField
Entered Ka@12345 into Confirm Password TextField
Clicked on Register button
Registration Completed Msg is displayed
]]></system-out>
    <system-err><![CDATA[Oct 01, 2024 11:47:12 PM org.openqa.selenium.devtools.CdpVersionFinder findNearestMatch
WARNING: Unable to find CDP implementation matching 129
Oct 01, 2024 11:47:12 PM org.openqa.selenium.chromium.ChromiumDriver lambda$new$5
WARNING: Unable to find version of CDP to use for 129.0.6668.70. You may need to include a dependency on a specific version of the CDP using something similar to `org.seleniumhq.selenium:selenium-devtools-v86:4.19.1` where the version ("v86") matches the version of the chromium-based browser you're using and the version number of the artifact is the same as Selenium's.
]]></system-err>
  </testcase>
  <testcase name="tc002_VerifyRegistrationWithInValidEmail" classname="webTestCases.Module1_Registration" time="23.729">
    <system-out><![CDATA[Browser closed
Chrome browser launched
Browser maximized
Navigated to https://demowebshop.tricentis.com/
Implicit wait set to 5 seconds
Register Link is displayed
Clicked on Register Link
Register Text is displayed
Clicked on Male Radio button
Entered Karthick into FirstName TextField
Entered TestUser into LastName TextField
Random Number generated : 61453
Entered testUser61453 into Email TextField
Entered Ka@12345 into Password TextField
Entered Ka@12345 into Confirm Password TextField
Clicked on Register button
Wrong Email Text is displayed
]]></system-out>
    <system-err><![CDATA[Oct 01, 2024 11:46:22 PM org.openqa.selenium.devtools.CdpVersionFinder findNearestMatch
WARNING: Unable to find CDP implementation matching 129
Oct 01, 2024 11:46:22 PM org.openqa.selenium.chromium.ChromiumDriver lambda$new$5
WARNING: Unable to find version of CDP to use for 129.0.6668.70. You may need to include a dependency on a specific version of the CDP using something similar to `org.seleniumhq.selenium:selenium-devtools-v86:4.19.1` where the version ("v86") matches the version of the chromium-based browser you're using and the version number of the artifact is the same as Selenium's.
]]></system-err>
  </testcase>
  <testcase name="tc002_VerifyRegistrationWithInValidEmail" classname="webTestCases.Module1_Registration" time="22.87">
    <system-out><![CDATA[Browser closed
Chrome browser launched
Browser maximized
Navigated to https://demowebshop.tricentis.com/
Implicit wait set to 5 seconds
Register Link is displayed
Clicked on Register Link
Register Text is displayed
Clicked on Male Radio button
Entered Karthick into FirstName TextField
Entered TestUser into LastName TextField
Random Number generated : 84698
Entered testUser84698 into Email TextField
Entered Ka@12345 into Password TextField
Entered Ka@12345 into Confirm Password TextField
Clicked on Register button
Wrong Email Text is displayed
]]></system-out>
    <system-err><![CDATA[Oct 01, 2024 11:47:39 PM org.openqa.selenium.devtools.CdpVersionFinder findNearestMatch
WARNING: Unable to find CDP implementation matching 129
Oct 01, 2024 11:47:39 PM org.openqa.selenium.chromium.ChromiumDriver lambda$new$5
WARNING: Unable to find version of CDP to use for 129.0.6668.70. You may need to include a dependency on a specific version of the CDP using something similar to `org.seleniumhq.selenium:selenium-devtools-v86:4.19.1` where the version ("v86") matches the version of the chromium-based browser you're using and the version number of the artifact is the same as Selenium's.
]]></system-err>
  </testcase>
  <testcase name="tc003_VerifyRegistrationWithAlreadyRegisteredData" classname="webTestCases.Module1_Registration" time="25.7">
    <system-out><![CDATA[Browser closed
Chrome browser launched
Browser maximized
Navigated to https://demowebshop.tricentis.com/
Implicit wait set to 5 seconds
Register Link is displayed
Clicked on Register Link
Register Text is displayed
Clicked on Male Radio button
Entered Karthick into FirstName TextField
Entered TestUser into LastName TextField
Entered mkar@gmail.com into Email TextField
Entered Ka@12345 into Password TextField
Entered Ka@12345 into Confirm Password TextField
Clicked on Register button
Already exists error Msg is displayed
]]></system-out>
    <system-err><![CDATA[Oct 01, 2024 11:46:45 PM org.openqa.selenium.devtools.CdpVersionFinder findNearestMatch
WARNING: Unable to find CDP implementation matching 129
Oct 01, 2024 11:46:45 PM org.openqa.selenium.chromium.ChromiumDriver lambda$new$5
WARNING: Unable to find version of CDP to use for 129.0.6668.70. You may need to include a dependency on a specific version of the CDP using something similar to `org.seleniumhq.selenium:selenium-devtools-v86:4.19.1` where the version ("v86") matches the version of the chromium-based browser you're using and the version number of the artifact is the same as Selenium's.
]]></system-err>
  </testcase>
  <testcase name="tc003_VerifyRegistrationWithAlreadyRegisteredData" classname="webTestCases.Module1_Registration" time="25.134">
    <system-out><![CDATA[Browser closed
Chrome browser launched
Browser maximized
Navigated to https://demowebshop.tricentis.com/
Implicit wait set to 5 seconds
Register Link is displayed
Clicked on Register Link
Register Text is displayed
Clicked on Male Radio button
Entered Karthick into FirstName TextField
Entered TestUser into LastName TextField
Entered mkar@gmail.com into Email TextField
Entered Ka@12345 into Password TextField
Entered Ka@12345 into Confirm Password TextField
Clicked on Register button
Already exists error Msg is displayed
]]></system-out>
    <system-err><![CDATA[Oct 01, 2024 11:48:03 PM org.openqa.selenium.devtools.CdpVersionFinder findNearestMatch
WARNING: Unable to find CDP implementation matching 129
Oct 01, 2024 11:48:03 PM org.openqa.selenium.chromium.ChromiumDriver lambda$new$5
WARNING: Unable to find version of CDP to use for 129.0.6668.70. You may need to include a dependency on a specific version of the CDP using something similar to `org.seleniumhq.selenium:selenium-devtools-v86:4.19.1` where the version ("v86") matches the version of the chromium-based browser you're using and the version number of the artifact is the same as Selenium's.
]]></system-err>
  </testcase>
  <testcase name="tc004_VerifyLoginWithValidCredentials" classname="webTestCases.Module2_Login" time="16.742">
    <system-out><![CDATA[Browser closed
Chrome browser launched
Browser maximized
Navigated to https://demowebshop.tricentis.com/
Implicit wait set to 5 seconds
Register Link is displayed
Clicked on LogIn Link
Welcome Text is displayed
Entered mkar@gmail.com into Email TextField
Entered Ka@12345 into Password TextField
Clicked on Login button
Logout Link is displayed
]]></system-out>
    <system-err><![CDATA[Oct 01, 2024 11:48:28 PM org.openqa.selenium.devtools.CdpVersionFinder findNearestMatch
WARNING: Unable to find CDP implementation matching 129
Oct 01, 2024 11:48:28 PM org.openqa.selenium.chromium.ChromiumDriver lambda$new$5
WARNING: Unable to find version of CDP to use for 129.0.6668.70. You may need to include a dependency on a specific version of the CDP using something similar to `org.seleniumhq.selenium:selenium-devtools-v86:4.19.1` where the version ("v86") matches the version of the chromium-based browser you're using and the version number of the artifact is the same as Selenium's.
]]></system-err>
  </testcase>
  <testcase name="tc005_VerifyLoginWithInValidCredentials" classname="webTestCases.Module2_Login" time="20.745">
    <system-out><![CDATA[Browser closed
Firefox browser launched
Browser maximized
Navigated to https://demowebshop.tricentis.com/
Implicit wait set to 5 seconds
Register Link is displayed
Clicked on LogIn Link
Welcome Text is displayed
Entered mkar@gmail.com into Email TextField
Entered Ka@123456 into Password TextField
Clicked on Login button
Incorrect credentials Msg is displayed
]]></system-out>
  </testcase>
  <testcase name="tc006_VerifyLoginWithNoCredentials" classname="webTestCases.Module2_Login" time="16.36">
    <system-out><![CDATA[Browser closed
Edge browser launched
Browser maximized
Navigated to https://demowebshop.tricentis.com/
Implicit wait set to 5 seconds
Register Link is displayed
Clicked on LogIn Link
Welcome Text is displayed
Clicked on Login button
No account found Msg is displayed
]]></system-out>
    <system-err><![CDATA[Oct 01, 2024 11:49:10 PM org.openqa.selenium.devtools.CdpVersionFinder findNearestMatch
WARNING: Unable to find CDP implementation matching 129
Oct 01, 2024 11:49:10 PM org.openqa.selenium.chromium.ChromiumDriver lambda$new$5
WARNING: Unable to find version of CDP to use for 129.0.2792.65. You may need to include a dependency on a specific version of the CDP using something similar to `org.seleniumhq.selenium:selenium-devtools-v86:4.19.1` where the version ("v86") matches the version of the chromium-based browser you're using and the version number of the artifact is the same as Selenium's.
]]></system-err>
  </testcase>
  <testcase name="tc007_VerifySearchWithValidData" classname="webTestCases.Module3_Search" time="56.389">
    <system-out><![CDATA[Browser closed
Chrome browser launched
Browser maximized
Navigated to https://demowebshop.tricentis.com/
Implicit wait set to 5 seconds
Register Link is displayed
Clicked on LogIn Link
Welcome Text is displayed
Entered mkar@gmail.com into Email TextField
Entered Ka@12345 into Password TextField
Clicked on Login button
Logout Link is displayed
Entered Computer into Search TF
List of text fetched from Search Suggestions are [Build your own cheap computer, Build your own computer, Build your own expensive computer, Simple Computer]
Clicked on Search Button
Entered Computer into Search TF
Clicked on Build your own cheap computer
Entered Computer into Search TF
Clicked on Build your own computer
Entered Computer into Search TF
Clicked on Build your own expensive computer
Entered Computer into Search TF
Clicked on Simple Computer
]]></system-out>
    <system-err><![CDATA[Oct 01, 2024 11:49:26 PM org.openqa.selenium.devtools.CdpVersionFinder findNearestMatch
WARNING: Unable to find CDP implementation matching 129
Oct 01, 2024 11:49:26 PM org.openqa.selenium.chromium.ChromiumDriver lambda$new$5
WARNING: Unable to find version of CDP to use for 129.0.6668.70. You may need to include a dependency on a specific version of the CDP using something similar to `org.seleniumhq.selenium:selenium-devtools-v86:4.19.1` where the version ("v86") matches the version of the chromium-based browser you're using and the version number of the artifact is the same as Selenium's.
]]></system-err>
  </testcase>
</testsuite>