<?xml version="1.0" encoding="UTF-8"?>
<!-- Generated by org.testng.reporters.JUnitXMLReporter -->
<testsuite ignored="4" hostname="FFE-Karthick-M" failures="0" tests="7" name="Command line test" time="185.861" errors="0" timestamp="2024-10-02T17:18:10 IST">
  <testcase classname="webTestCases.Module1_Registration" name="tc001_VerifyRegistrationWithValidData" time="27.306"/>
  <testcase classname="webTestCases.Module1_Registration" name="tc002_VerifyRegistrationWithInValidEmail" time="25.226"/>
  <testcase classname="webTestCases.Module1_Registration" name="tc003_VerifyRegistrationWithAlreadyRegisteredData" time="23.27"/>
  <testcase classname="webTestCases.Module2_Login" name="tc004_VerifyLoginWithValidCredentials" time="18.188"/>
  <testcase classname="webTestCases.Module2_Login" name="tc005_VerifyLoginWithInValidCredentials" time="18.974"/>
  <testcase classname="webTestCases.Module2_Login" name="tc006_VerifyLoginWithNoCredentials" time="15.38"/>
  <testcase classname="webTestCases.Module3_Search" name="tc007_VerifySearchWithValidData" time="50.606"/>
  <testcase classname="genericLib.BaseClass" name="@AfterSuite upDateReport" time="0.0">
    <ignored/>
  </testcase> <!-- @AfterSuite upDateReport -->
  <testcase classname="genericLib.BaseClass" name="@AfterSuite upDateReport" time="0.0">
    <ignored/>
  </testcase> <!-- @AfterSuite upDateReport -->
  <testcase classname="genericLib.BaseClass" name="@BeforeSuite setUp" time="0.0">
    <ignored/>
  </testcase> <!-- @BeforeSuite setUp -->
  <testcase classname="genericLib.BaseClass" name="@BeforeSuite setUp" time="0.0">
    <ignored/>
  </testcase> <!-- @BeforeSuite setUp -->
</testsuite> <!-- Command line test -->
