<?xml version="1.0" encoding="UTF-8"?>
<!-- Generated by org.testng.reporters.JUnitXMLReporter -->
<testsuite ignored="4" hostname="FFE-Karthick-M" failures="0" tests="7" name="Test" time="189.737" errors="0" timestamp="2024-10-01T23:50:20 IST">
  <testcase classname="webTestCases.Module1_Registration" name="tc001_VerifyRegistrationWithValidData" time="26.84"/>
  <testcase classname="webTestCases.Module1_Registration" name="tc002_VerifyRegistrationWithInValidEmail" time="22.872"/>
  <testcase classname="webTestCases.Module1_Registration" name="tc003_VerifyRegistrationWithAlreadyRegisteredData" time="25.135"/>
  <testcase classname="webTestCases.Module2_Login" name="tc004_VerifyLoginWithValidCredentials" time="16.737"/>
  <testcase classname="webTestCases.Module2_Login" name="tc005_VerifyLoginWithInValidCredentials" time="20.746"/>
  <testcase classname="webTestCases.Module2_Login" name="tc006_VerifyLoginWithNoCredentials" time="16.362"/>
  <testcase classname="webTestCases.Module3_Search" name="tc007_VerifySearchWithValidData" time="56.391"/>
  <testcase classname="genericLib.BaseClass" name="@AfterSuite upDateReport" time="0.0">
    <ignored/>
  </testcase> <!-- @AfterSuite upDateReport -->
  <testcase classname="genericLib.BaseClass" name="@BeforeSuite setUp" time="0.0">
    <ignored/>
  </testcase> <!-- @BeforeSuite setUp -->
  <testcase classname="genericLib.BaseClass" name="@AfterSuite upDateReport" time="0.0">
    <ignored/>
  </testcase> <!-- @AfterSuite upDateReport -->
  <testcase classname="genericLib.BaseClass" name="@BeforeSuite setUp" time="0.0">
    <ignored/>
  </testcase> <!-- @BeforeSuite setUp -->
</testsuite> <!-- Test -->
