<?xml version="1.0" encoding="UTF-8"?>
<testng-results ignored="0" total="1" passed="1" failed="0" skipped="0">
  <reporter-output>
    <line>
      <![CDATA[MapData : {Environment=Prod, URL=https://demowebshop.tricentis.com/}]]>
    </line>
    <line>
      <![CDATA[MapData : {TCNO=tc007, SearchText=Computer}]]>
    </line>
  </reporter-output>
  <suite started-at="2024-10-02T15:45:58 IST" name="Default suite" finished-at="2024-10-02T15:46:01 IST" duration-ms="2512">
    <groups>
    </groups>
    <test started-at="2024-10-02T15:45:58 IST" name="Default test" finished-at="2024-10-02T15:46:01 IST" duration-ms="2512">
      <class name="webTestCases.Module4_Dummy">
        <test-method is-config="true" signature="setUp()[pri:0, instance:webTestCases.Module4_Dummy@2a8448fa]" started-at="2024-10-02T15:45:58 IST" name="setUp" finished-at="2024-10-02T15:45:58 IST" duration-ms="187" status="PASS">
          <reporter-output>
          </reporter-output>
        </test-method> <!-- setUp -->
        <test-method signature="tc007_VerifySearchWithValidData()[pri:0, instance:webTestCases.Module4_Dummy@2a8448fa]" started-at="2024-10-02T15:45:58 IST" name="tc007_VerifySearchWithValidData" finished-at="2024-10-02T15:46:01 IST" duration-ms="2479" status="PASS">
          <reporter-output>
            <line>
              <![CDATA[MapData : {Environment=Prod, URL=https://demowebshop.tricentis.com/}]]>
            </line>
            <line>
              <![CDATA[MapData : {TCNO=tc007, SearchText=Computer}]]>
            </line>
          </reporter-output>
        </test-method> <!-- tc007_VerifySearchWithValidData -->
        <test-method is-config="true" signature="testOver(org.testng.ITestResult)[pri:0, instance:webTestCases.Module4_Dummy@2a8448fa]" started-at="2024-10-02T15:46:01 IST" name="testOver" finished-at="2024-10-02T15:46:01 IST" duration-ms="4" status="PASS">
          <params>
            <param index="0">
              <value>
                <![CDATA[[TestResult name=tc007_VerifySearchWithValidData status=SUCCESS method=Module4_Dummy.tc007_VerifySearchWithValidData()[pri:0, instance:webTestCases.Module4_Dummy@2a8448fa] output=MapData : {Environment=Prod, URL=https://demowebshop.tricentis.com/}]]]>
              </value>
            </param>
          </params>
          <reporter-output>
          </reporter-output>
        </test-method> <!-- testOver -->
        <test-method is-config="true" signature="upDateReport()[pri:0, instance:webTestCases.Module4_Dummy@2a8448fa]" started-at="2024-10-02T15:46:01 IST" name="upDateReport" finished-at="2024-10-02T15:46:01 IST" duration-ms="211" status="PASS">
          <reporter-output>
          </reporter-output>
        </test-method> <!-- upDateReport -->
      </class> <!-- webTestCases.Module4_Dummy -->
    </test> <!-- Default test -->
  </suite> <!-- Default suite -->
</testng-results>
